c:\users\usuario\desktop\este si - copia - copia - copia\10.05(esto_no_furula)\tmp\debug\vc143.pdb
c:\users\usuario\desktop\este si - copia - copia - copia\10.05(esto_no_furula)\tmp\debug\vc143.idb
c:\users\usuario\desktop\este si - copia - copia - copia\10.05(esto_no_furula)\tmp\debug\vector2d.obj
c:\users\usuario\desktop\este si - copia - copia - copia\10.05(esto_no_furula)\tmp\debug\torre.obj
c:\users\usuario\desktop\este si - copia - copia - copia\10.05(esto_no_furula)\tmp\debug\tablero.obj
c:\users\usuario\desktop\este si - copia - copia - copia\10.05(esto_no_furula)\tmp\debug\rey.obj
c:\users\usuario\desktop\este si - copia - copia - copia\10.05(esto_no_furula)\tmp\debug\reina.obj
c:\users\usuario\desktop\este si - copia - copia - copia\10.05(esto_no_furula)\tmp\debug\pieza.obj
c:\users\usuario\desktop\este si - copia - copia - copia\10.05(esto_no_furula)\tmp\debug\peon.obj
c:\users\usuario\desktop\este si - copia - copia - copia\10.05(esto_no_furula)\tmp\debug\pang.obj
c:\users\usuario\desktop\este si - copia - copia - copia\10.05(esto_no_furula)\tmp\debug\mundo.obj
c:\users\usuario\desktop\este si - copia - copia - copia\10.05(esto_no_furula)\tmp\debug\listapiezas.obj
c:\users\usuario\desktop\este si - copia - copia - copia\10.05(esto_no_furula)\tmp\debug\casilla.obj
c:\users\usuario\desktop\este si - copia - copia - copia\10.05(esto_no_furula)\tmp\debug\caballo.obj
c:\users\usuario\desktop\este si - copia - copia - copia\10.05(esto_no_furula)\tmp\debug\alfil.obj
c:\users\usuario\desktop\este si - copia - copia - copia\10.05(esto_no_furula)\tmp\debug\gestormovimiento.obj
c:\users\usuario\desktop\este si - copia - copia - copia\10.05(esto_no_furula)\bin\pang.exe
c:\users\usuario\desktop\este si - copia - copia - copia\10.05(esto_no_furula)\tmp\debug\pang.ilk
c:\users\usuario\desktop\este si - copia - copia - copia\10.05(esto_no_furula)\bin\pang.pdb
c:\users\usuario\desktop\este si - copia - copia - copia\10.05(esto_no_furula)\tmp\debug\pang.tlog\cl.command.1.tlog
c:\users\usuario\desktop\este si - copia - copia - copia\10.05(esto_no_furula)\tmp\debug\pang.tlog\cl.read.1.tlog
c:\users\usuario\desktop\este si - copia - copia - copia\10.05(esto_no_furula)\tmp\debug\pang.tlog\cl.write.1.tlog
c:\users\usuario\desktop\este si - copia - copia - copia\10.05(esto_no_furula)\tmp\debug\pang.tlog\link.command.1.tlog
c:\users\usuario\desktop\este si - copia - copia - copia\10.05(esto_no_furula)\tmp\debug\pang.tlog\link.read.1.tlog
c:\users\usuario\desktop\este si - copia - copia - copia\10.05(esto_no_furula)\tmp\debug\pang.tlog\link.write.1.tlog
