c:\users\andre\documents\infor_andres\10.05\tmp\debug\vc143.pdb
c:\users\andre\documents\infor_andres\10.05\tmp\debug\vc143.idb
c:\users\andre\documents\infor_andres\10.05\tmp\debug\vector2d.obj
c:\users\andre\documents\infor_andres\10.05\tmp\debug\torre.obj
c:\users\andre\documents\infor_andres\10.05\tmp\debug\tablero.obj
c:\users\andre\documents\infor_andres\10.05\tmp\debug\rey.obj
c:\users\andre\documents\infor_andres\10.05\tmp\debug\reina.obj
c:\users\andre\documents\infor_andres\10.05\tmp\debug\pieza.obj
c:\users\andre\documents\infor_andres\10.05\tmp\debug\peon.obj
c:\users\andre\documents\infor_andres\10.05\tmp\debug\pang.obj
c:\users\andre\documents\infor_andres\10.05\tmp\debug\mundo.obj
c:\users\andre\documents\infor_andres\10.05\tmp\debug\listapiezas.obj
c:\users\andre\documents\infor_andres\10.05\tmp\debug\casilla.obj
c:\users\andre\documents\infor_andres\10.05\tmp\debug\caballo.obj
c:\users\andre\documents\infor_andres\10.05\tmp\debug\alfil.obj
c:\users\andre\documents\infor_andres\10.05\bin\pang.exe
c:\users\andre\documents\infor_andres\10.05\tmp\debug\pang.ilk
c:\users\andre\documents\infor_andres\10.05\bin\pang.pdb
c:\users\laura\desktop\10.05(esto_no_furula)\tmp\debug\alfil.obj
c:\users\laura\desktop\10.05(esto_no_furula)\tmp\debug\caballo.obj
c:\users\laura\desktop\10.05(esto_no_furula)\tmp\debug\casilla.obj
c:\users\laura\desktop\10.05(esto_no_furula)\tmp\debug\mundo.obj
c:\users\laura\desktop\10.05(esto_no_furula)\tmp\debug\pang.obj
c:\users\laura\desktop\10.05(esto_no_furula)\tmp\debug\peon.obj
c:\users\laura\desktop\10.05(esto_no_furula)\tmp\debug\pieza.obj
c:\users\laura\desktop\10.05(esto_no_furula)\tmp\debug\reina.obj
c:\users\laura\desktop\10.05(esto_no_furula)\tmp\debug\rey.obj
c:\users\laura\desktop\10.05(esto_no_furula)\tmp\debug\tablero.obj
c:\users\laura\desktop\10.05(esto_no_furula)\tmp\debug\torre.obj
c:\users\laura\desktop\10.05(esto_no_furula)\tmp\debug\vector2d.obj
c:\users\laura\desktop\10.05(esto_no_furula)\tmp\debug\pang.ilk
c:\users\laura\desktop\10.05(esto_no_furula)\tmp\debug\vc143.idb
c:\users\laura\desktop\10.05(esto_no_furula)\tmp\debug\vc143.pdb
c:\users\laura\desktop\10.05(esto_no_furula)\bin\pang.pdb
c:\users\laura\desktop\10.05(esto_no_furula)\bin\pang.exe
c:\users\laura\desktop\10.05(esto_no_furula)\tmp\debug\pang.tlog\cl.command.1.tlog
c:\users\laura\desktop\10.05(esto_no_furula)\tmp\debug\pang.tlog\cl.read.1.tlog
c:\users\laura\desktop\10.05(esto_no_furula)\tmp\debug\pang.tlog\cl.write.1.tlog
c:\users\laura\desktop\10.05(esto_no_furula)\tmp\debug\pang.tlog\link.command.1.tlog
c:\users\laura\desktop\10.05(esto_no_furula)\tmp\debug\pang.tlog\link.read.1.tlog
c:\users\laura\desktop\10.05(esto_no_furula)\tmp\debug\pang.tlog\link.write.1.tlog
